Potential duplicate
===================
Fawlty, Basil
Fawlty Towers, Torquay, Devon
TQ1 2AB
==========
Fawlty, Sybil
Watery Fowls, Torquay
TQ1 2AB

Potential duplicate
===================
Fletcher, Charles
c/o Shap Prison, Cumbria
CB7 1AB
==========
Fletcher, C. H.
HM Prison, Shap, Cumbria
CB7 1AB

Potential duplicate
===================
Meldrew, Margaret
1 Happenstance Place, Epping, London
N11 3SR
==========
Meldrew, Victor
1 Happenstance Place, London
N11 3SR

Potential duplicate
===================
Sventek, Joe
University of Glasgow, Glasgow
G12 8QQ
==========
Sventek, Prof. Joseph
University of Glasgow, Glasgow
G12 8QQ

